<?xml version="1.0" encoding="UTF-8"?>
<!-- Generated by org.testng.reporters.JUnitXMLReporter -->
<testsuite ignored="1" hostname="Dell_Neeraj_23" failures="0" tests="3" name="Default test" time="8.04" errors="0" timestamp="2023-04-28T12:22:30 IST">
  <testcase classname="api.test.DDTests" name="testPostUser" time="3.473"/>
  <testcase classname="api.test.DDTests" name="testPostUser" time="1.404"/>
  <testcase classname="api.test.DDTests" name="testPostUser" time="1.473"/>
  <testcase classname="api.test.DDTests" name="testDeleteUserByName" time="0.0">
    <ignored/>
  </testcase> <!-- testDeleteUserByName -->
</testsuite> <!-- Default test -->
