<?xml version="1.0" encoding="UTF-8"?>
<!-- Generated by org.testng.reporters.JUnitXMLReporter -->
<testsuite ignored="0" hostname="Dell_Neeraj_23" failures="0" tests="4" name="Test" time="10.266" errors="0" timestamp="2023-04-29T14:22:37 IST">
  <testcase classname="api.test.UserTests2" name="testPostUser" time="3.257"/>
  <testcase classname="api.test.UserTests2" name="testGetUserByName" time="1.463"/>
  <testcase classname="api.test.UserTests2" name="testUpdateUserByName" time="2.914"/>
  <testcase classname="api.test.UserTests2" name="testDeleteUserByName" time="1.446"/>
</testsuite> <!-- Test -->
