<?xml version="1.0" encoding="UTF-8"?>
<!-- Generated by org.testng.reporters.JUnitXMLReporter -->
<testsuite ignored="0" hostname="Dell_Neeraj_23" failures="0" tests="4" name="Test" time="9.566" errors="0" timestamp="2023-05-01T13:02:20 IST">
  <testcase classname="api.test.UserTests2" name="testPostUser" time="3.099"/>
  <testcase classname="api.test.UserTests2" name="testGetUserByName" time="1.458"/>
  <testcase classname="api.test.UserTests2" name="testUpdateUserByName" time="2.706"/>
  <testcase classname="api.test.UserTests2" name="testDeleteUserByName" time="1.379"/>
</testsuite> <!-- Test -->
